c:\users\admin\desktop\server\client source\srcs\client\bin\metin2client.bsc
c:\users\admin\desktop\server\client source\srcs\client\userinterface\release\userinterface.pch
c:\users\admin\desktop\server\client source\srcs\client\userinterface\release\metin2client.pdb
c:\users\admin\desktop\server\client source\srcs\client\userinterface\release\stdafx.sbr
c:\users\admin\desktop\server\client source\srcs\client\userinterface\release\stdafx.obj
c:\users\admin\desktop\server\client source\srcs\client\userinterface\release\affectflagcontainer.sbr
c:\users\admin\desktop\server\client source\srcs\client\userinterface\release\instancebase.sbr
c:\users\admin\desktop\server\client source\srcs\client\userinterface\release\instancebasebattle.sbr
c:\users\admin\desktop\server\client source\srcs\client\userinterface\release\instancebaseeffect.sbr
c:\users\admin\desktop\server\client source\srcs\client\userinterface\release\instancebaseevent.sbr
c:\users\admin\desktop\server\client source\srcs\client\userinterface\release\instancebasemotion.sbr
c:\users\admin\desktop\server\client source\srcs\client\userinterface\release\instancebasemovement.sbr
c:\users\admin\desktop\server\client source\srcs\client\userinterface\release\instancebasetransform.sbr
c:\users\admin\desktop\server\client source\srcs\client\userinterface\release\cameraprocedure.sbr
c:\users\admin\desktop\server\client source\srcs\client\userinterface\release\pythonbackground.sbr
c:\users\admin\desktop\server\client source\srcs\client\userinterface\release\pythonbackgroundmodule.sbr
c:\users\admin\desktop\server\client source\srcs\client\userinterface\release\pythoncharactermanager.sbr
c:\users\admin\desktop\server\client source\srcs\client\userinterface\release\pythoncharactermanagermodule.sbr
c:\users\admin\desktop\server\client source\srcs\client\userinterface\release\pythoncharactermodule.sbr
c:\users\admin\desktop\server\client source\srcs\client\userinterface\release\pythoneffectmodule.sbr
c:\users\admin\desktop\server\client source\srcs\client\userinterface\release\pythoneventmanager.sbr
c:\users\admin\desktop\server\client source\srcs\client\userinterface\release\pythoneventmanagermoudle.sbr
c:\users\admin\desktop\server\client source\srcs\client\userinterface\release\pythongameeventmanagermodule.sbr
c:\users\admin\desktop\server\client source\srcs\client\userinterface\release\pythonitem.sbr
c:\users\admin\desktop\server\client source\srcs\client\userinterface\release\pythonitemmodule.sbr
c:\users\admin\desktop\server\client source\srcs\client\userinterface\release\pythonitemmodule.obj
c:\users\admin\desktop\server\client source\srcs\client\userinterface\release\pythonitem.obj
c:\users\admin\desktop\server\client source\srcs\client\userinterface\release\pythongameeventmanagermodule.obj
c:\users\admin\desktop\server\client source\srcs\client\userinterface\release\pythoneventmanagermoudle.obj
c:\users\admin\desktop\server\client source\srcs\client\userinterface\release\pythoneventmanager.obj
c:\users\admin\desktop\server\client source\srcs\client\userinterface\release\pythoneffectmodule.obj
c:\users\admin\desktop\server\client source\srcs\client\userinterface\release\pythoncharactermodule.obj
c:\users\admin\desktop\server\client source\srcs\client\userinterface\release\pythoncharactermanagermodule.obj
c:\users\admin\desktop\server\client source\srcs\client\userinterface\release\pythoncharactermanager.obj
c:\users\admin\desktop\server\client source\srcs\client\userinterface\release\pythonbackgroundmodule.obj
c:\users\admin\desktop\server\client source\srcs\client\userinterface\release\pythonbackground.obj
c:\users\admin\desktop\server\client source\srcs\client\userinterface\release\cameraprocedure.obj
c:\users\admin\desktop\server\client source\srcs\client\userinterface\release\instancebasetransform.obj
c:\users\admin\desktop\server\client source\srcs\client\userinterface\release\instancebasemovement.obj
c:\users\admin\desktop\server\client source\srcs\client\userinterface\release\instancebasemotion.obj
c:\users\admin\desktop\server\client source\srcs\client\userinterface\release\instancebaseevent.obj
c:\users\admin\desktop\server\client source\srcs\client\userinterface\release\instancebaseeffect.obj
c:\users\admin\desktop\server\client source\srcs\client\userinterface\release\instancebasebattle.obj
c:\users\admin\desktop\server\client source\srcs\client\userinterface\release\instancebase.obj
c:\users\admin\desktop\server\client source\srcs\client\userinterface\release\affectflagcontainer.obj
c:\users\admin\desktop\server\client source\srcs\client\userinterface\release\pythonnonplayer.sbr
c:\users\admin\desktop\server\client source\srcs\client\userinterface\release\pythonnonplayermodule.sbr
c:\users\admin\desktop\server\client source\srcs\client\userinterface\release\pythonplayer.sbr
c:\users\admin\desktop\server\client source\srcs\client\userinterface\release\pythonplayereventhandler.sbr
c:\users\admin\desktop\server\client source\srcs\client\userinterface\release\pythonplayerinput.sbr
c:\users\admin\desktop\server\client source\srcs\client\userinterface\release\pythonplayerinputkeyboard.sbr
c:\users\admin\desktop\server\client source\srcs\client\userinterface\release\pythonplayerinputmouse.sbr
c:\users\admin\desktop\server\client source\srcs\client\userinterface\release\pythonplayermodule.sbr
c:\users\admin\desktop\server\client source\srcs\client\userinterface\release\pythonplayerskill.sbr
c:\users\admin\desktop\server\client source\srcs\client\userinterface\release\pythonquest.sbr
c:\users\admin\desktop\server\client source\srcs\client\userinterface\release\pythonskill.sbr
c:\users\admin\desktop\server\client source\srcs\client\userinterface\release\pythonchat.sbr
c:\users\admin\desktop\server\client source\srcs\client\userinterface\release\pythonchatmodule.sbr
c:\users\admin\desktop\server\client source\srcs\client\userinterface\release\pythonexchange.sbr
c:\users\admin\desktop\server\client source\srcs\client\userinterface\release\pythonexchangemodule.sbr
c:\users\admin\desktop\server\client source\srcs\client\userinterface\release\pythonflymodule.sbr
c:\users\admin\desktop\server\client source\srcs\client\userinterface\release\pythonguild.sbr
c:\users\admin\desktop\server\client source\srcs\client\userinterface\release\pythonmessenger.sbr
c:\users\admin\desktop\server\client source\srcs\client\userinterface\release\pythonminimap.sbr
c:\users\admin\desktop\server\client source\srcs\client\userinterface\release\pythonminimapmodule.sbr
c:\users\admin\desktop\server\client source\srcs\client\userinterface\release\pythonminimapmodule.obj
c:\users\admin\desktop\server\client source\srcs\client\userinterface\release\pythonminimap.obj
c:\users\admin\desktop\server\client source\srcs\client\userinterface\release\pythonmessenger.obj
c:\users\admin\desktop\server\client source\srcs\client\userinterface\release\pythonguild.obj
c:\users\admin\desktop\server\client source\srcs\client\userinterface\release\pythonflymodule.obj
c:\users\admin\desktop\server\client source\srcs\client\userinterface\release\pythonexchangemodule.obj
c:\users\admin\desktop\server\client source\srcs\client\userinterface\release\pythonexchange.obj
c:\users\admin\desktop\server\client source\srcs\client\userinterface\release\pythonchatmodule.obj
c:\users\admin\desktop\server\client source\srcs\client\userinterface\release\pythonchat.obj
c:\users\admin\desktop\server\client source\srcs\client\userinterface\release\pythonskill.obj
c:\users\admin\desktop\server\client source\srcs\client\userinterface\release\pythonquest.obj
c:\users\admin\desktop\server\client source\srcs\client\userinterface\release\pythonplayerskill.obj
c:\users\admin\desktop\server\client source\srcs\client\userinterface\release\pythonplayermodule.obj
c:\users\admin\desktop\server\client source\srcs\client\userinterface\release\pythonplayerinputmouse.obj
c:\users\admin\desktop\server\client source\srcs\client\userinterface\release\pythonplayerinputkeyboard.obj
c:\users\admin\desktop\server\client source\srcs\client\userinterface\release\pythonplayerinput.obj
c:\users\admin\desktop\server\client source\srcs\client\userinterface\release\pythonplayereventhandler.obj
c:\users\admin\desktop\server\client source\srcs\client\userinterface\release\pythonplayer.obj
c:\users\admin\desktop\server\client source\srcs\client\userinterface\release\pythonnonplayermodule.obj
c:\users\admin\desktop\server\client source\srcs\client\userinterface\release\pythonnonplayer.obj
c:\users\admin\desktop\server\client source\srcs\client\userinterface\release\pythonsafebox.sbr
c:\users\admin\desktop\server\client source\srcs\client\userinterface\release\pythonshop.sbr
c:\users\admin\desktop\server\client source\srcs\client\userinterface\release\pythontexttail.sbr
c:\users\admin\desktop\server\client source\srcs\client\userinterface\release\pythontexttailmodule.sbr
c:\users\admin\desktop\server\client source\srcs\client\userinterface\release\pythonpackmodule.sbr
c:\users\admin\desktop\server\client source\srcs\client\userinterface\release\processscanner.sbr
c:\users\admin\desktop\server\client source\srcs\client\userinterface\release\pythonapplication.sbr
c:\users\admin\desktop\server\client source\srcs\client\userinterface\release\pythonapplicationcamera.sbr
c:\users\admin\desktop\server\client source\srcs\client\userinterface\release\pythonapplicationcursor.sbr
c:\users\admin\desktop\server\client source\srcs\client\userinterface\release\pythonapplicationevent.sbr
c:\users\admin\desktop\server\client source\srcs\client\userinterface\release\pythonapplicationlogo.sbr
c:\users\admin\desktop\server\client source\srcs\client\userinterface\release\pythonapplicationmodule.sbr
c:\users\admin\desktop\server\client source\srcs\client\userinterface\release\pythonapplicationprocedure.sbr
c:\users\admin\desktop\server\client source\srcs\client\userinterface\release\pythonapplicationwebpage.sbr
c:\users\admin\desktop\server\client source\srcs\client\userinterface\release\pythonime.sbr
c:\users\admin\desktop\server\client source\srcs\client\userinterface\release\pythonimemodule.sbr
c:\users\admin\desktop\server\client source\srcs\client\userinterface\release\pythonprofilermodule.sbr
c:\users\admin\desktop\server\client source\srcs\client\userinterface\release\pythonsoundmanagermodule.sbr
c:\users\admin\desktop\server\client source\srcs\client\userinterface\release\pythonsystem.sbr
c:\users\admin\desktop\server\client source\srcs\client\userinterface\release\pythonsystemmodule.sbr
c:\users\admin\desktop\server\client source\srcs\client\userinterface\release\pythonsystemmodule.obj
c:\users\admin\desktop\server\client source\srcs\client\userinterface\release\pythonsystem.obj
c:\users\admin\desktop\server\client source\srcs\client\userinterface\release\pythonsoundmanagermodule.obj
c:\users\admin\desktop\server\client source\srcs\client\userinterface\release\pythonprofilermodule.obj
c:\users\admin\desktop\server\client source\srcs\client\userinterface\release\pythonimemodule.obj
c:\users\admin\desktop\server\client source\srcs\client\userinterface\release\pythonime.obj
c:\users\admin\desktop\server\client source\srcs\client\userinterface\release\pythonapplicationwebpage.obj
c:\users\admin\desktop\server\client source\srcs\client\userinterface\release\pythonapplicationprocedure.obj
c:\users\admin\desktop\server\client source\srcs\client\userinterface\release\pythonapplicationmodule.obj
c:\users\admin\desktop\server\client source\srcs\client\userinterface\release\pythonapplicationlogo.obj
c:\users\admin\desktop\server\client source\srcs\client\userinterface\release\pythonapplicationevent.obj
c:\users\admin\desktop\server\client source\srcs\client\userinterface\release\pythonapplicationcursor.obj
c:\users\admin\desktop\server\client source\srcs\client\userinterface\release\pythonapplicationcamera.obj
c:\users\admin\desktop\server\client source\srcs\client\userinterface\release\pythonapplication.obj
c:\users\admin\desktop\server\client source\srcs\client\userinterface\release\processscanner.obj
c:\users\admin\desktop\server\client source\srcs\client\userinterface\release\pythonpackmodule.obj
c:\users\admin\desktop\server\client source\srcs\client\userinterface\release\pythontexttailmodule.obj
c:\users\admin\desktop\server\client source\srcs\client\userinterface\release\pythontexttail.obj
c:\users\admin\desktop\server\client source\srcs\client\userinterface\release\pythonshop.obj
c:\users\admin\desktop\server\client source\srcs\client\userinterface\release\pythonsafebox.obj
c:\users\admin\desktop\server\client source\srcs\client\userinterface\release\guildmarkdownloader.sbr
c:\users\admin\desktop\server\client source\srcs\client\userinterface\release\guildmarkuploader.sbr
c:\users\admin\desktop\server\client source\srcs\client\userinterface\release\markimage.sbr
c:\users\admin\desktop\server\client source\srcs\client\userinterface\release\markmanager.sbr
c:\users\admin\desktop\server\client source\srcs\client\userinterface\release\locale.sbr
c:\users\admin\desktop\server\client source\srcs\client\userinterface\release\accountconnector.sbr
c:\users\admin\desktop\server\client source\srcs\client\userinterface\release\insultchecker.sbr
c:\users\admin\desktop\server\client source\srcs\client\userinterface\release\networkactormanager.sbr
c:\users\admin\desktop\server\client source\srcs\client\userinterface\release\processcrc.sbr
c:\users\admin\desktop\server\client source\srcs\client\userinterface\release\pythonexceptionsender.sbr
c:\users\admin\desktop\server\client source\srcs\client\userinterface\release\pythonnetworkdatagram.sbr
c:\users\admin\desktop\server\client source\srcs\client\userinterface\release\pythonnetworkdatagrammodule.sbr
c:\users\admin\desktop\server\client source\srcs\client\userinterface\release\pythonnetworkstream.sbr
c:\users\admin\desktop\server\client source\srcs\client\userinterface\release\pythonnetworkstreamcommand.sbr
c:\users\admin\desktop\server\client source\srcs\client\userinterface\release\pythonnetworkstreamevent.sbr
c:\users\admin\desktop\server\client source\srcs\client\userinterface\release\pythonnetworkstreammodule.sbr
c:\users\admin\desktop\server\client source\srcs\client\userinterface\release\pythonnetworkstreamphasegame.sbr
c:\users\admin\desktop\server\client source\srcs\client\userinterface\release\pythonnetworkstreamphasegameactor.sbr
c:\users\admin\desktop\server\client source\srcs\client\userinterface\release\pythonnetworkstreamphasegameitem.sbr
c:\users\admin\desktop\server\client source\srcs\client\userinterface\release\pythonnetworkstreamphasehandshake.sbr
c:\users\admin\desktop\server\client source\srcs\client\userinterface\release\pythonnetworkstreamphasehandshake.obj
c:\users\admin\desktop\server\client source\srcs\client\userinterface\release\pythonnetworkstreamphasegameitem.obj
c:\users\admin\desktop\server\client source\srcs\client\userinterface\release\pythonnetworkstreamphasegameactor.obj
c:\users\admin\desktop\server\client source\srcs\client\userinterface\release\pythonnetworkstreamphasegame.obj
c:\users\admin\desktop\server\client source\srcs\client\userinterface\release\pythonnetworkstreammodule.obj
c:\users\admin\desktop\server\client source\srcs\client\userinterface\release\pythonnetworkstreamevent.obj
c:\users\admin\desktop\server\client source\srcs\client\userinterface\release\pythonnetworkstreamcommand.obj
c:\users\admin\desktop\server\client source\srcs\client\userinterface\release\pythonnetworkstream.obj
c:\users\admin\desktop\server\client source\srcs\client\userinterface\release\pythonnetworkdatagrammodule.obj
c:\users\admin\desktop\server\client source\srcs\client\userinterface\release\pythonnetworkdatagram.obj
c:\users\admin\desktop\server\client source\srcs\client\userinterface\release\pythonexceptionsender.obj
c:\users\admin\desktop\server\client source\srcs\client\userinterface\release\processcrc.obj
c:\users\admin\desktop\server\client source\srcs\client\userinterface\release\networkactormanager.obj
c:\users\admin\desktop\server\client source\srcs\client\userinterface\release\insultchecker.obj
c:\users\admin\desktop\server\client source\srcs\client\userinterface\release\accountconnector.obj
c:\users\admin\desktop\server\client source\srcs\client\userinterface\release\locale.obj
c:\users\admin\desktop\server\client source\srcs\client\userinterface\release\markmanager.obj
c:\users\admin\desktop\server\client source\srcs\client\userinterface\release\markimage.obj
c:\users\admin\desktop\server\client source\srcs\client\userinterface\release\guildmarkuploader.obj
c:\users\admin\desktop\server\client source\srcs\client\userinterface\release\guildmarkdownloader.obj
c:\users\admin\desktop\server\client source\srcs\client\userinterface\release\pythonnetworkstreamphaseloading.sbr
c:\users\admin\desktop\server\client source\srcs\client\userinterface\release\pythonnetworkstreamphaselogin.sbr
c:\users\admin\desktop\server\client source\srcs\client\userinterface\release\pythonnetworkstreamphaseoffline.sbr
c:\users\admin\desktop\server\client source\srcs\client\userinterface\release\pythonnetworkstreamphaseselect.sbr
c:\users\admin\desktop\server\client source\srcs\client\userinterface\release\serverstatechecker.sbr
c:\users\admin\desktop\server\client source\srcs\client\userinterface\release\serverstatecheckermodule.sbr
c:\users\admin\desktop\server\client source\srcs\client\userinterface\release\checklatestfiles.sbr
c:\users\admin\desktop\server\client source\srcs\client\userinterface\release\hackshield.sbr
c:\users\admin\desktop\server\client source\srcs\client\userinterface\release\nprotectgameguard.sbr
c:\users\admin\desktop\server\client source\srcs\client\userinterface\release\wiselogicxtrap.sbr
c:\users\admin\desktop\server\client source\srcs\client\userinterface\release\gametype.sbr
c:\users\admin\desktop\server\client source\srcs\client\userinterface\release\movieman.sbr
c:\users\admin\desktop\server\client source\srcs\client\userinterface\release\userinterface.sbr
c:\users\admin\desktop\server\client source\srcs\client\userinterface\release\userinterface.obj
c:\users\admin\desktop\server\client source\srcs\client\userinterface\release\movieman.obj
c:\users\admin\desktop\server\client source\srcs\client\userinterface\release\gametype.obj
c:\users\admin\desktop\server\client source\srcs\client\userinterface\release\wiselogicxtrap.obj
c:\users\admin\desktop\server\client source\srcs\client\userinterface\release\nprotectgameguard.obj
c:\users\admin\desktop\server\client source\srcs\client\userinterface\release\hackshield.obj
c:\users\admin\desktop\server\client source\srcs\client\userinterface\release\checklatestfiles.obj
c:\users\admin\desktop\server\client source\srcs\client\userinterface\release\serverstatecheckermodule.obj
c:\users\admin\desktop\server\client source\srcs\client\userinterface\release\serverstatechecker.obj
c:\users\admin\desktop\server\client source\srcs\client\userinterface\release\pythonnetworkstreamphaseselect.obj
c:\users\admin\desktop\server\client source\srcs\client\userinterface\release\pythonnetworkstreamphaseoffline.obj
c:\users\admin\desktop\server\client source\srcs\client\userinterface\release\pythonnetworkstreamphaselogin.obj
c:\users\admin\desktop\server\client source\srcs\client\userinterface\release\pythonnetworkstreamphaseloading.obj
c:\users\admin\desktop\server\client source\srcs\client\bin\metin2client.exe
c:\users\admin\desktop\server\client source\srcs\client\bin\metin2client.map
c:\users\admin\desktop\server\client source\srcs\client\bin\metin2client.pdb
c:\users\admin\desktop\server\client source\srcs\client\userinterface\release\userinterface.res
c:\users\admin\desktop\server\client source\srcs\client\userinterface\..\bin/metin2client.exe
c:\users\admin\desktop\server\client source\srcs\client\userinterface\release\userinterface.tlog\bscmake.command.1.tlog
c:\users\admin\desktop\server\client source\srcs\client\userinterface\release\userinterface.tlog\bscmake.read.1.tlog
c:\users\admin\desktop\server\client source\srcs\client\userinterface\release\userinterface.tlog\bscmake.write.1.tlog
c:\users\admin\desktop\server\client source\srcs\client\userinterface\release\userinterface.tlog\cl.command.1.tlog
c:\users\admin\desktop\server\client source\srcs\client\userinterface\release\userinterface.tlog\cl.read.1.tlog
c:\users\admin\desktop\server\client source\srcs\client\userinterface\release\userinterface.tlog\cl.write.1.tlog
c:\users\admin\desktop\server\client source\srcs\client\userinterface\release\userinterface.tlog\link.command.1.tlog
c:\users\admin\desktop\server\client source\srcs\client\userinterface\release\userinterface.tlog\link.read.1.tlog
c:\users\admin\desktop\server\client source\srcs\client\userinterface\release\userinterface.tlog\link.write.1.tlog
c:\users\admin\desktop\server\client source\srcs\client\userinterface\release\userinterface.tlog\rc.command.1.tlog
c:\users\admin\desktop\server\client source\srcs\client\userinterface\release\userinterface.tlog\rc.read.1.tlog
c:\users\admin\desktop\server\client source\srcs\client\userinterface\release\userinterface.tlog\rc.write.1.tlog
