  StdAfx.cpp
  AffectFlagContainer.cpp
  InstanceBase.cpp
  InstanceBaseBattle.cpp
  InstanceBaseEffect.cpp
  InstanceBaseEvent.cpp
  InstanceBaseMotion.cpp
  InstanceBaseMovement.cpp
  InstanceBaseTransform.cpp
  CameraProcedure.cpp
  PythonBackground.cpp
  PythonBackgroundModule.cpp
  PythonCharacterManager.cpp
  PythonCharacterManagerModule.cpp
  PythonCharacterModule.cpp
  PythonEffectModule.cpp
  PythonEventManager.cpp
  PythonEventManagerMoudle.cpp
  PythonGameEventManagerModule.cpp
  PythonItem.cpp
  PythonItemModule.cpp
  Code wird generiert...
  Kompilieren...
  PythonNonPlayer.cpp
  PythonNonPlayerModule.cpp
  PythonPlayer.cpp
  PythonPlayerEventHandler.cpp
  PythonPlayerInput.cpp
  PythonPlayerInputKeyboard.cpp
  PythonPlayerInputMouse.cpp
  PythonPlayerModule.cpp
  PythonPlayerSkill.cpp
  PythonQuest.cpp
  PythonSkill.cpp
  PythonChat.cpp
C:\Games\Metin2\Metin2 Files\Marty Samer Files unbearbeitet\Marty Samer Files unbearbeitet\Client Source\Client Source\Srcs\Client\UserInterface\PythonChat.cpp(776,16): warning C4838:  Konvertierung von "float" zu "LONG" erfordert eine einschränkende Konvertierung
C:\Games\Metin2\Metin2 Files\Marty Samer Files unbearbeitet\Marty Samer Files unbearbeitet\Client Source\Client Source\Srcs\Client\UserInterface\PythonChat.cpp(776,20): warning C4838:  Konvertierung von "float" zu "LONG" erfordert eine einschränkende Konvertierung
C:\Games\Metin2\Metin2 Files\Marty Samer Files unbearbeitet\Marty Samer Files unbearbeitet\Client Source\Client Source\Srcs\Client\UserInterface\PythonChat.cpp(776,26): warning C4838:  Konvertierung von "float" zu "LONG" erfordert eine einschränkende Konvertierung
  PythonChatModule.cpp
C:\Games\Metin2\Metin2 Files\Marty Samer Files unbearbeitet\Marty Samer Files unbearbeitet\Client Source\Client Source\Srcs\Client\UserInterface\PythonChat.cpp(776,39): warning C4838:  Konvertierung von "float" zu "LONG" erfordert eine einschränkende Konvertierung
C:\Games\Metin2\Metin2 Files\Marty Samer Files unbearbeitet\Marty Samer Files unbearbeitet\Client Source\Client Source\Srcs\Client\UserInterface\PythonChatModule.cpp(431,62): warning C4477:  "_snprintf": Die Formatzeichenfolge "%d" erfordert ein Argument vom Typ "int", das variadic-Argument "2" weist aber den Typ "__int64" auf.
C:\Games\Metin2\Metin2 Files\Marty Samer Files unbearbeitet\Marty Samer Files unbearbeitet\Client Source\Client Source\Srcs\Client\UserInterface\PythonChatModule.cpp(431,62): message :  Verwenden Sie ggf. "%lld" in der Formatzeichenfolge.
  PythonExchange.cpp
  PythonExchangeModule.cpp
  PythonFlyModule.cpp
  PythonGuild.cpp
  PythonMessenger.cpp
  PythonMiniMap.cpp
  PythonMiniMapModule.cpp
  Code wird generiert...
  Kompilieren...
  PythonSafeBox.cpp
  PythonShop.cpp
  PythonTextTail.cpp
  PythonTextTailModule.cpp
  PythonPackModule.cpp
  ProcessScanner.cpp
  PythonApplication.cpp
  PythonApplicationCamera.cpp
  PythonApplicationCursor.cpp
  PythonApplicationEvent.cpp
  PythonApplicationLogo.cpp
  PythonApplicationModule.cpp
  PythonApplicationProcedure.cpp
  PythonApplicationWebPage.cpp
  PythonIME.cpp
  PythonIMEModule.cpp
  PythonProfilerModule.cpp
  PythonSoundManagerModule.cpp
  PythonSystem.cpp
  PythonSystemModule.cpp
  Code wird generiert...
  Kompilieren...
  GuildMarkDownloader.cpp
  GuildMarkUploader.cpp
  MarkImage.cpp
  MarkManager.cpp
  Locale.cpp
  AccountConnector.cpp
  InsultChecker.cpp
  NetworkActorManager.cpp
  ProcessCRC.cpp
  PythonExceptionSender.cpp
  PythonNetworkDatagram.cpp
  PythonNetworkDatagramModule.cpp
  PythonNetworkStream.cpp
  PythonNetworkStreamCommand.cpp
  PythonNetworkStreamEvent.cpp
  PythonNetworkStreamModule.cpp
  PythonNetworkStreamPhaseGame.cpp
C:\Games\Metin2\Metin2 Files\Marty Samer Files unbearbeitet\Marty Samer Files unbearbeitet\Client Source\Client Source\Srcs\Client\UserInterface\PythonChatModule.cpp(431,62): message :  Verwenden Sie ggf. "%I64d" in der Formatzeichenfolge.
C:\Games\Metin2\Metin2 Files\Marty Samer Files unbearbeitet\Marty Samer Files unbearbeitet\Client Source\Client Source\Srcs\Client\UserInterface\PythonNetworkStreamPhaseGame.cpp(1746,67): warning C4267:  "Argument": Konvertierung von "size_t" nach "unsigned char", Datenverlust möglich
C:\Games\Metin2\Metin2 Files\Marty Samer Files unbearbeitet\Marty Samer Files unbearbeitet\Client Source\Client Source\Srcs\Client\UserInterface\PythonNetworkStreamPhaseGame.cpp(1747,58): warning C4267:  "Argument": Konvertierung von "size_t" nach "unsigned char", Datenverlust möglich
C:\Games\Metin2\Metin2 Files\Marty Samer Files unbearbeitet\Marty Samer Files unbearbeitet\Client Source\Client Source\Srcs\Client\UserInterface\PythonNetworkStreamPhaseGame.cpp(1754,58): warning C4267:  "Argument": Konvertierung von "size_t" nach "unsigned char", Datenverlust möglich
  PythonNetworkStreamPhaseGameActor.cpp
  PythonNetworkStreamPhaseGameItem.cpp
  PythonNetworkStreamPhaseHandShake.cpp
  Code wird generiert...
  Kompilieren...
  PythonNetworkStreamPhaseLoading.cpp
  PythonNetworkStreamPhaseLogin.cpp
  PythonNetworkStreamPhaseOffline.cpp
  PythonNetworkStreamPhaseSelect.cpp
  ServerStateChecker.cpp
  ServerStateCheckerModule.cpp
  CheckLatestFiles.cpp
  Hackshield.cpp
  NProtectGameGuard.cpp
  WiseLogicXTrap.cpp
  GameType.cpp
  MovieMan.cpp
  UserInterface.cpp
  Code wird generiert...
C:\Games\Metin2\Metin2 Files\Marty Samer Files unbearbeitet\Marty Samer Files unbearbeitet\Client Source\Client Source\Srcs\Client\UserInterface\PythonNetworkStreamPhaseGame.cpp(3934,44): warning C4267:  "=": Konvertierung von "size_t" nach "unsigned char", Datenverlust möglich
  libjpeg-MT.lib(jerror.obj) : Es wurde ein mit /GL kompiliertes MSIL .netmodule oder module gefunden. Verknüpfung wird mit /LTCG erneut gestartet. Fügen Sie /LTCG zur Linkbefehlszeile hinzu, um die Linkerleistung zu erhöhen.
  Code wird generiert.
  Codegenerierung ist abgeschlossen.
  UserInterface.vcxproj -> C:\Games\Metin2\Metin2 Files\Marty Samer Files unbearbeitet\Marty Samer Files unbearbeitet\Client Source\Client Source\Srcs\Client\UserInterface\..\bin/metin2client.exe
