c:\users\admin\desktop\server\client source\srcs\client\mileslib\release\mileslib.pch
c:\users\admin\desktop\server\client source\srcs\client\mileslib\release\mileslib.pdb
c:\users\admin\desktop\server\client source\srcs\client\mileslib\release\stdafx.obj
c:\users\admin\desktop\server\client source\srcs\client\mileslib\release\type.obj
c:\users\admin\desktop\server\client source\srcs\client\mileslib\release\soundmanagerstream.obj
c:\users\admin\desktop\server\client source\srcs\client\mileslib\release\soundmanager3d.obj
c:\users\admin\desktop\server\client source\srcs\client\mileslib\release\soundmanager2d.obj
c:\users\admin\desktop\server\client source\srcs\client\mileslib\release\soundmanager.obj
c:\users\admin\desktop\server\client source\srcs\client\mileslib\release\soundinstancestream.obj
c:\users\admin\desktop\server\client source\srcs\client\mileslib\release\soundinstance3d.obj
c:\users\admin\desktop\server\client source\srcs\client\mileslib\release\soundinstance2d.obj
c:\users\admin\desktop\server\client source\srcs\client\mileslib\release\sounddata.obj
c:\users\admin\desktop\server\client source\srcs\client\mileslib\release\soundbase.obj
c:\users\admin\desktop\server\client source\srcs\client\mileslib\release\mileslib.lib
c:\users\admin\desktop\server\client source\srcs\client\mileslib\release\mileslib.tlog\cl.command.1.tlog
c:\users\admin\desktop\server\client source\srcs\client\mileslib\release\mileslib.tlog\cl.read.1.tlog
c:\users\admin\desktop\server\client source\srcs\client\mileslib\release\mileslib.tlog\cl.write.1.tlog
c:\users\admin\desktop\server\client source\srcs\client\mileslib\release\mileslib.tlog\lib-link.read.1.tlog
c:\users\admin\desktop\server\client source\srcs\client\mileslib\release\mileslib.tlog\lib-link.write.1.tlog
c:\users\admin\desktop\server\client source\srcs\client\mileslib\release\mileslib.tlog\lib.command.1.tlog
