c:\users\admin\desktop\server\client source\srcs\client\gamelib\release\gamelib.pch
c:\users\admin\desktop\server\client source\srcs\client\gamelib\release\gamelib.pdb
c:\users\admin\desktop\server\client source\srcs\client\gamelib\release\stdafx.obj
c:\users\admin\desktop\server\client source\srcs\client\gamelib\release\racemanager.obj
c:\users\admin\desktop\server\client source\srcs\client\gamelib\release\racedatafile.obj
c:\users\admin\desktop\server\client source\srcs\client\gamelib\release\racedata.obj
c:\users\admin\desktop\server\client source\srcs\client\gamelib\release\physicsobject.obj
c:\users\admin\desktop\server\client source\srcs\client\gamelib\release\dungeonblock.obj
c:\users\admin\desktop\server\client source\srcs\client\gamelib\release\actorinstanceweapontrace.obj
c:\users\admin\desktop\server\client source\srcs\client\gamelib\release\actorinstancesync.obj
c:\users\admin\desktop\server\client source\srcs\client\gamelib\release\actorinstancerotation.obj
c:\users\admin\desktop\server\client source\srcs\client\gamelib\release\actorinstancerender.obj
c:\users\admin\desktop\server\client source\srcs\client\gamelib\release\actorinstanceposition.obj
c:\users\admin\desktop\server\client source\srcs\client\gamelib\release\actorinstancemotionevent.obj
c:\users\admin\desktop\server\client source\srcs\client\gamelib\release\actorinstancemotion.obj
c:\users\admin\desktop\server\client source\srcs\client\gamelib\release\actorinstancefly.obj
c:\users\admin\desktop\server\client source\srcs\client\gamelib\release\actorinstanceevent.obj
c:\users\admin\desktop\server\client source\srcs\client\gamelib\release\actorinstancedata.obj
c:\users\admin\desktop\server\client source\srcs\client\gamelib\release\actorinstancecollisiondetection.obj
c:\users\admin\desktop\server\client source\srcs\client\gamelib\release\actorinstanceblend.obj
c:\users\admin\desktop\server\client source\srcs\client\gamelib\release\actorinstancebattle.obj
c:\users\admin\desktop\server\client source\srcs\client\gamelib\release\actorinstanceattach.obj
c:\users\admin\desktop\server\client source\srcs\client\gamelib\release\actorinstance.obj
c:\users\admin\desktop\server\client source\srcs\client\gamelib\release\monsterareainfo.obj
c:\users\admin\desktop\server\client source\srcs\client\gamelib\release\maputil.obj
c:\users\admin\desktop\server\client source\srcs\client\gamelib\release\maptype.obj
c:\users\admin\desktop\server\client source\srcs\client\gamelib\release\mapoutdoorwater.obj
c:\users\admin\desktop\server\client source\srcs\client\gamelib\release\mapoutdoorupdate.obj
c:\users\admin\desktop\server\client source\srcs\client\gamelib\release\mapoutdoorrenderstp.obj
c:\users\admin\desktop\server\client source\srcs\client\gamelib\release\mapoutdoorrenderhtp.obj
c:\users\admin\desktop\server\client source\srcs\client\gamelib\release\mapoutdoorrender.obj
c:\users\admin\desktop\server\client source\srcs\client\gamelib\release\mapoutdoorquadtree.obj
c:\users\admin\desktop\server\client source\srcs\client\gamelib\release\mapoutdoorload.obj
c:\users\admin\desktop\server\client source\srcs\client\gamelib\release\mapoutdoorindexbuffer.obj
c:\users\admin\desktop\server\client source\srcs\client\gamelib\release\mapoutdoorcharactershadow.obj
c:\users\admin\desktop\server\client source\srcs\client\gamelib\release\mapoutdoor.obj
c:\users\admin\desktop\server\client source\srcs\client\gamelib\release\mapmanager.obj
c:\users\admin\desktop\server\client source\srcs\client\gamelib\release\mapbase.obj
c:\users\admin\desktop\server\client source\srcs\client\gamelib\release\areaterrain.obj
c:\users\admin\desktop\server\client source\srcs\client\gamelib\release\arealoaderthread.obj
c:\users\admin\desktop\server\client source\srcs\client\gamelib\release\area.obj
c:\users\admin\desktop\server\client source\srcs\client\gamelib\release\weapontrace.obj
c:\users\admin\desktop\server\client source\srcs\client\gamelib\release\racemotiondata.obj
c:\users\admin\desktop\server\client source\srcs\client\gamelib\release\flytrace.obj
c:\users\admin\desktop\server\client source\srcs\client\gamelib\release\flytarget.obj
c:\users\admin\desktop\server\client source\srcs\client\gamelib\release\flyingobjectmanager.obj
c:\users\admin\desktop\server\client source\srcs\client\gamelib\release\flyinginstance.obj
c:\users\admin\desktop\server\client source\srcs\client\gamelib\release\flyingdata.obj
c:\users\admin\desktop\server\client source\srcs\client\gamelib\release\itemmanager.obj
c:\users\admin\desktop\server\client source\srcs\client\gamelib\release\itemdata.obj
c:\users\admin\desktop\server\client source\srcs\client\gamelib\release\gameutil.obj
c:\users\admin\desktop\server\client source\srcs\client\gamelib\release\gametype.obj
c:\users\admin\desktop\server\client source\srcs\client\gamelib\release\gameeventmanager.obj
c:\users\admin\desktop\server\client source\srcs\client\gamelib\release\terrainquadtree.obj
c:\users\admin\desktop\server\client source\srcs\client\gamelib\release\terrainpatch.obj
c:\users\admin\desktop\server\client source\srcs\client\gamelib\release\terraindecal.obj
c:\users\admin\desktop\server\client source\srcs\client\gamelib\release\snowparticle.obj
c:\users\admin\desktop\server\client source\srcs\client\gamelib\release\snowenvironment.obj
c:\users\admin\desktop\server\client source\srcs\client\gamelib\release\propertymanager.obj
c:\users\admin\desktop\server\client source\srcs\client\gamelib\release\propertyloader.obj
c:\users\admin\desktop\server\client source\srcs\client\gamelib\release\property.obj
c:\users\admin\desktop\server\client source\srcs\client\gamelib\release\gamelib.lib
c:\users\admin\desktop\server\client source\srcs\client\gamelib\release\gamelib.tlog\cl.command.1.tlog
c:\users\admin\desktop\server\client source\srcs\client\gamelib\release\gamelib.tlog\cl.read.1.tlog
c:\users\admin\desktop\server\client source\srcs\client\gamelib\release\gamelib.tlog\cl.write.1.tlog
c:\users\admin\desktop\server\client source\srcs\client\gamelib\release\gamelib.tlog\lib-link.read.1.tlog
c:\users\admin\desktop\server\client source\srcs\client\gamelib\release\gamelib.tlog\lib-link.write.1.tlog
c:\users\admin\desktop\server\client source\srcs\client\gamelib\release\gamelib.tlog\lib.command.1.tlog
