  Base.cpp
  Poly.cpp
  Symbol.cpp
  SymTable.cpp
  cipher.cpp
  CPostIt.cpp
  CRC32.cpp
  Debug.cpp
  error.cpp
  FileBase.cpp
  FileDir.cpp
  FileLoader.cpp
  lzo.cpp
  MappedFile.cpp
  Random.cpp
  StdAfx.cpp
  Stl.cpp
  tea.cpp
  TempFile.cpp
  Timer.cpp
  Code wird generiert...
  Kompilieren...
  Utils.cpp
  Code wird generiert...
  eterBase.vcxproj -> C:\Games\Metin2\Metin2 Files\Marty Samer Files unbearbeitet\Marty Samer Files unbearbeitet\Client Source\Client Source\Srcs\Client\EterBase\Release\eterBase.lib
