  StdAfx.cpp
  AttributeData.cpp
  AttributeInstance.cpp
  Camera.cpp
  CollisionData.cpp
  ColorTransitionHelper.cpp
  Decal.cpp
  EnvironmentMap.cpp
  FileLoaderThread.cpp
  GrpCollisionObject.cpp
  GrpColor.cpp
  GrpColorInstance.cpp
  GrpD3DXBuffer.cpp
  GrpDIB.cpp
  GrpIndexBuffer.cpp
  GrpLightManager.cpp
  GrpObjectInstance.cpp
  GrpPixelShader.cpp
  GrpRatioInstance.cpp
  GrpShadowTexture.cpp
  GrpVertexBuffer.cpp
  Code wird generiert...
  Kompilieren...
  GrpVertexBufferDynamic.cpp
  GrpVertexBufferStatic.cpp
  GrpVertexShader.cpp
  Input.cpp
  LensFlare.cpp
  lineintersect_utils.cpp
  MSApplication.cpp
  MSWindow.cpp
  Mutex.cpp
  parser.cpp
  PathStack.cpp
  ReferenceObject.cpp
  ScreenFilter.cpp
  SkyBox.cpp
  TargaResource.cpp
  Thread.cpp
  Util.cpp
  CullingManager.cpp
  GrpBase.cpp
  GrpDetector.cpp
  Code wird generiert...
  Kompilieren...
  GrpDevice.cpp
  GrpMath.cpp
  GrpScreen.cpp
C:\Games\Metin2\Metin2 Files\Marty Samer Files unbearbeitet\Marty Samer Files unbearbeitet\Client Source\Client Source\Srcs\Client\EterLib\GrpScreen.cpp(719,43): warning C4838:  Konvertierung von "UINT" zu "LONG" erfordert eine einschränkende Konvertierung
C:\Games\Metin2\Metin2 Files\Marty Samer Files unbearbeitet\Marty Samer Files unbearbeitet\Client Source\Client Source\Srcs\Client\EterLib\GrpScreen.cpp(720,63): warning C4838:  Konvertierung von "UINT" zu "LONG" erfordert eine einschränkende Konvertierung
C:\Games\Metin2\Metin2 Files\Marty Samer Files unbearbeitet\Marty Samer Files unbearbeitet\Client Source\Client Source\Srcs\Client\EterLib\GrpScreen.cpp(720,103): warning C4838:  Konvertierung von "UINT" zu "LONG" erfordert eine einschränkende Konvertierung
  JpegFile.cpp
  StateManager.cpp
  Resource.cpp
  ResourceManager.cpp
  GrpExpandedImageInstance.cpp
  GrpImage.cpp
  GrpImageInstance.cpp
  GrpImageTexture.cpp
  GrpMarkInstance.cpp
  GrpSubImage.cpp
  GrpTexture.cpp
  NetAddress.cpp
  NetDatagram.cpp
  NetDatagramReceiver.cpp
  NetDatagramSender.cpp
  NetDevice.cpp
  NetPacketHeaderMap.cpp
  Code wird generiert...
  Kompilieren...
  NetStream.cpp
  GrpFontTexture.cpp
C:\Games\Metin2\Metin2 Files\Marty Samer Files unbearbeitet\Marty Samer Files unbearbeitet\Client Source\Client Source\Srcs\Client\EterLib\GrpScreen.cpp(722,75): warning C4838:  Konvertierung von "UINT" zu "LONG" erfordert eine einschränkende Konvertierung
  GrpText.cpp
  GrpTextInstance.cpp
  TextTag.cpp
  BlockTexture.cpp
  DibBar.cpp
C:\Games\Metin2\Metin2 Files\Marty Samer Files unbearbeitet\Marty Samer Files unbearbeitet\Client Source\Client Source\Srcs\Client\EterLib\GrpFontTexture.cpp(283,54): warning C4267:  "=": Konvertierung von "size_t" nach "short", Datenverlust möglich
C:\Games\Metin2\Metin2 Files\Marty Samer Files unbearbeitet\Marty Samer Files unbearbeitet\Client Source\Client Source\Srcs\Client\EterLib\DibBar.cpp(7,21): warning C4838:  Konvertierung von "DWORD" zu "LONG" erfordert eine einschränkende Konvertierung
C:\Games\Metin2\Metin2 Files\Marty Samer Files unbearbeitet\Marty Samer Files unbearbeitet\Client Source\Client Source\Srcs\Client\EterLib\DibBar.cpp(7,32): warning C4838:  Konvertierung von "DWORD" zu "LONG" erfordert eine einschränkende Konvertierung
C:\Games\Metin2\Metin2 Files\Marty Samer Files unbearbeitet\Marty Samer Files unbearbeitet\Client Source\Client Source\Srcs\Client\EterLib\DibBar.cpp(81,18): warning C4838:  Konvertierung von "DWORD" zu "LONG" erfordert eine einschränkende Konvertierung
C:\Games\Metin2\Metin2 Files\Marty Samer Files unbearbeitet\Marty Samer Files unbearbeitet\Client Source\Client Source\Srcs\Client\EterLib\DibBar.cpp(81,26): warning C4838:  Konvertierung von "DWORD" zu "LONG" erfordert eine einschränkende Konvertierung
C:\Games\Metin2\Metin2 Files\Marty Samer Files unbearbeitet\Marty Samer Files unbearbeitet\Client Source\Client Source\Srcs\Client\EterLib\DibBar.cpp(81,40): warning C4838:  Konvertierung von "unsigned long" zu "LONG" erfordert eine einschränkende Konvertierung
  TextBar.cpp
  IME.cpp
C:\Games\Metin2\Metin2 Files\Marty Samer Files unbearbeitet\Marty Samer Files unbearbeitet\Client Source\Client Source\Srcs\Client\EterLib\DibBar.cpp(81,61): warning C4838:  Konvertierung von "unsigned long" zu "LONG" erfordert eine einschränkende Konvertierung
C:\Games\Metin2\Metin2 Files\Marty Samer Files unbearbeitet\Marty Samer Files unbearbeitet\Client Source\Client Source\Srcs\Client\EterLib\IME.cpp(309,1): warning C4996:  'GetVersionExA': wurde als veraltet deklariert
C:\Program Files (x86)\Windows Kits\10\Include\10.0.17763.0\um\sysinfoapi.h(378): message :  Siehe Deklaration von "GetVersionExA"
C:\Games\Metin2\Metin2 Files\Marty Samer Files unbearbeitet\Marty Samer Files unbearbeitet\Client Source\Client Source\Srcs\Client\EterLib\IME.cpp(1198,1): warning C4996:  'GetVersionExA': wurde als veraltet deklariert
  TextFileLoader.cpp
  Code wird generiert...
C:\Program Files (x86)\Windows Kits\10\Include\10.0.17763.0\um\sysinfoapi.h(378): message :  Siehe Deklaration von "GetVersionExA"
  eterlib.vcxproj -> C:\Games\Metin2\Metin2 Files\Marty Samer Files unbearbeitet\Marty Samer Files unbearbeitet\Client Source\Client Source\Srcs\Client\EterLib\Release\eterlib.lib
