c:\users\admin\desktop\server\client source\srcs\client\eterlib\release\eterlib.pch
c:\users\admin\desktop\server\client source\srcs\client\eterlib\release\eterlib.pdb
c:\users\admin\desktop\server\client source\srcs\client\eterlib\release\stdafx.obj
c:\users\admin\desktop\server\client source\srcs\client\eterlib\release\grpvertexbuffer.obj
c:\users\admin\desktop\server\client source\srcs\client\eterlib\release\grpshadowtexture.obj
c:\users\admin\desktop\server\client source\srcs\client\eterlib\release\grpratioinstance.obj
c:\users\admin\desktop\server\client source\srcs\client\eterlib\release\grppixelshader.obj
c:\users\admin\desktop\server\client source\srcs\client\eterlib\release\grpobjectinstance.obj
c:\users\admin\desktop\server\client source\srcs\client\eterlib\release\grplightmanager.obj
c:\users\admin\desktop\server\client source\srcs\client\eterlib\release\grpindexbuffer.obj
c:\users\admin\desktop\server\client source\srcs\client\eterlib\release\grpdib.obj
c:\users\admin\desktop\server\client source\srcs\client\eterlib\release\grpd3dxbuffer.obj
c:\users\admin\desktop\server\client source\srcs\client\eterlib\release\grpcolorinstance.obj
c:\users\admin\desktop\server\client source\srcs\client\eterlib\release\grpcolor.obj
c:\users\admin\desktop\server\client source\srcs\client\eterlib\release\grpcollisionobject.obj
c:\users\admin\desktop\server\client source\srcs\client\eterlib\release\fileloaderthread.obj
c:\users\admin\desktop\server\client source\srcs\client\eterlib\release\environmentmap.obj
c:\users\admin\desktop\server\client source\srcs\client\eterlib\release\decal.obj
c:\users\admin\desktop\server\client source\srcs\client\eterlib\release\colortransitionhelper.obj
c:\users\admin\desktop\server\client source\srcs\client\eterlib\release\collisiondata.obj
c:\users\admin\desktop\server\client source\srcs\client\eterlib\release\camera.obj
c:\users\admin\desktop\server\client source\srcs\client\eterlib\release\attributeinstance.obj
c:\users\admin\desktop\server\client source\srcs\client\eterlib\release\attributedata.obj
c:\users\admin\desktop\server\client source\srcs\client\eterlib\release\grpdetector.obj
c:\users\admin\desktop\server\client source\srcs\client\eterlib\release\grpbase.obj
c:\users\admin\desktop\server\client source\srcs\client\eterlib\release\cullingmanager.obj
c:\users\admin\desktop\server\client source\srcs\client\eterlib\release\util.obj
c:\users\admin\desktop\server\client source\srcs\client\eterlib\release\thread.obj
c:\users\admin\desktop\server\client source\srcs\client\eterlib\release\targaresource.obj
c:\users\admin\desktop\server\client source\srcs\client\eterlib\release\skybox.obj
c:\users\admin\desktop\server\client source\srcs\client\eterlib\release\screenfilter.obj
c:\users\admin\desktop\server\client source\srcs\client\eterlib\release\referenceobject.obj
c:\users\admin\desktop\server\client source\srcs\client\eterlib\release\pathstack.obj
c:\users\admin\desktop\server\client source\srcs\client\eterlib\release\parser.obj
c:\users\admin\desktop\server\client source\srcs\client\eterlib\release\mutex.obj
c:\users\admin\desktop\server\client source\srcs\client\eterlib\release\mswindow.obj
c:\users\admin\desktop\server\client source\srcs\client\eterlib\release\msapplication.obj
c:\users\admin\desktop\server\client source\srcs\client\eterlib\release\lineintersect_utils.obj
c:\users\admin\desktop\server\client source\srcs\client\eterlib\release\lensflare.obj
c:\users\admin\desktop\server\client source\srcs\client\eterlib\release\input.obj
c:\users\admin\desktop\server\client source\srcs\client\eterlib\release\grpvertexshader.obj
c:\users\admin\desktop\server\client source\srcs\client\eterlib\release\grpvertexbufferstatic.obj
c:\users\admin\desktop\server\client source\srcs\client\eterlib\release\grpvertexbufferdynamic.obj
c:\users\admin\desktop\server\client source\srcs\client\eterlib\release\netpacketheadermap.obj
c:\users\admin\desktop\server\client source\srcs\client\eterlib\release\netdevice.obj
c:\users\admin\desktop\server\client source\srcs\client\eterlib\release\netdatagramsender.obj
c:\users\admin\desktop\server\client source\srcs\client\eterlib\release\netdatagramreceiver.obj
c:\users\admin\desktop\server\client source\srcs\client\eterlib\release\netdatagram.obj
c:\users\admin\desktop\server\client source\srcs\client\eterlib\release\netaddress.obj
c:\users\admin\desktop\server\client source\srcs\client\eterlib\release\grptexture.obj
c:\users\admin\desktop\server\client source\srcs\client\eterlib\release\grpsubimage.obj
c:\users\admin\desktop\server\client source\srcs\client\eterlib\release\grpmarkinstance.obj
c:\users\admin\desktop\server\client source\srcs\client\eterlib\release\grpimagetexture.obj
c:\users\admin\desktop\server\client source\srcs\client\eterlib\release\grpimageinstance.obj
c:\users\admin\desktop\server\client source\srcs\client\eterlib\release\grpimage.obj
c:\users\admin\desktop\server\client source\srcs\client\eterlib\release\grpexpandedimageinstance.obj
c:\users\admin\desktop\server\client source\srcs\client\eterlib\release\resourcemanager.obj
c:\users\admin\desktop\server\client source\srcs\client\eterlib\release\resource.obj
c:\users\admin\desktop\server\client source\srcs\client\eterlib\release\statemanager.obj
c:\users\admin\desktop\server\client source\srcs\client\eterlib\release\jpegfile.obj
c:\users\admin\desktop\server\client source\srcs\client\eterlib\release\grpscreen.obj
c:\users\admin\desktop\server\client source\srcs\client\eterlib\release\grpmath.obj
c:\users\admin\desktop\server\client source\srcs\client\eterlib\release\grpdevice.obj
c:\users\admin\desktop\server\client source\srcs\client\eterlib\release\textfileloader.obj
c:\users\admin\desktop\server\client source\srcs\client\eterlib\release\ime.obj
c:\users\admin\desktop\server\client source\srcs\client\eterlib\release\textbar.obj
c:\users\admin\desktop\server\client source\srcs\client\eterlib\release\dibbar.obj
c:\users\admin\desktop\server\client source\srcs\client\eterlib\release\blocktexture.obj
c:\users\admin\desktop\server\client source\srcs\client\eterlib\release\texttag.obj
c:\users\admin\desktop\server\client source\srcs\client\eterlib\release\grptextinstance.obj
c:\users\admin\desktop\server\client source\srcs\client\eterlib\release\grptext.obj
c:\users\admin\desktop\server\client source\srcs\client\eterlib\release\grpfonttexture.obj
c:\users\admin\desktop\server\client source\srcs\client\eterlib\release\netstream.obj
c:\users\admin\desktop\server\client source\srcs\client\eterlib\release\eterlib.lib
c:\users\admin\desktop\server\client source\srcs\client\eterlib\release\eterlib.tlog\cl.command.1.tlog
c:\users\admin\desktop\server\client source\srcs\client\eterlib\release\eterlib.tlog\cl.read.1.tlog
c:\users\admin\desktop\server\client source\srcs\client\eterlib\release\eterlib.tlog\cl.write.1.tlog
c:\users\admin\desktop\server\client source\srcs\client\eterlib\release\eterlib.tlog\lib-link.read.1.tlog
c:\users\admin\desktop\server\client source\srcs\client\eterlib\release\eterlib.tlog\lib-link.write.1.tlog
c:\users\admin\desktop\server\client source\srcs\client\eterlib\release\eterlib.tlog\lib.command.1.tlog
